#
# A fatal error has been detected by the Java Runtime Environment:
#
#  EXCEPTION_ACCESS_VIOLATION (0xc0000005) at pc=0x00007ffb4b344114, pid=14200, tid=15684
#
# JRE version: OpenJDK Runtime Environment (23.0.1+11) (build 23.0.1+11-39)
# Java VM: OpenJDK 64-Bit Server VM (23.0.1+11-39, mixed mode, sharing, tiered, compressed oops, compressed class ptrs, g1 gc, windows-amd64)
# Problematic frame:
# V  [jvm.dll+0x2e4114]
#
# No core dump will be written. Minidumps are not enabled by default on client versions of Windows
#
# If you would like to submit a bug report, please visit:
#   https://bugreport.java.com/bugreport/crash.jsp
#

---------------  S U M M A R Y ------------

Command Line: -Djava.library.path=C:\Users\nouss\Downloads\opencv\build\java\x64 -javaagent:C:\Program Files\JetBrains\IntelliJ IDEA 2024.3.1.1\lib\idea_rt.jar=51072:C:\Program Files\JetBrains\IntelliJ IDEA 2024.3.1.1\bin -Dfile.encoding=UTF-8 -Dsun.stdout.encoding=UTF-8 -Dsun.stderr.encoding=UTF-8 --module-path=C:\Users\nouss\.m2\repository\eu\hansolo\toolbox\21.0.5\toolbox-21.0.5.jar;C:\Users\nouss\.m2\repository\com\github\almasb\fxgl-io\17.3\fxgl-io-17.3.jar;C:\Users\nouss\Downloads\opencv\build\java\opencv-4100.jar;C:\Users\nouss\.m2\repository\com\fasterxml\jackson\core\jackson-annotations\2.14.2\jackson-annotations-2.14.2.jar;C:\Users\nouss\.m2\repository\org\controlsfx\controlsfx\11.2.1\controlsfx-11.2.1.jar;C:\Users\nouss\.m2\repository\com\github\almasb\fxgl\17.3\fxgl-17.3.jar;C:\Users\nouss\.m2\repository\org\openjfx\javafx-media\17.0.6\javafx-media-17.0.6-win.jar;C:\Users\nouss\.m2\repository\com\github\almasb\fxgl-core\17.3\fxgl-core-17.3.jar;C:\Users\nouss\.m2\repository\com\fasterxml\jackson\core\jackson-core\2.14.2\jackson-core-2.14.2.jar;C:\Users\nouss\.m2\repository\eu\hansolo\fx\heatmap\21.0.3\heatmap-21.0.3.jar;C:\Users\nouss\.m2\repository\org\openjfx\javafx-controls\17.0.6\javafx-controls-17.0.6-win.jar;C:\Users\nouss\.m2\repository\org\kordamp\ikonli\ikonli-javafx\12.3.1\ikonli-javafx-12.3.1.jar;C:\Users\nouss\.m2\repository\com\gluonhq\attach\lifecycle\4.0.17\lifecycle-4.0.17.jar;C:\Users\nouss\.m2\repository\com\fasterxml\jackson\core\jackson-databind\2.14.2\jackson-databind-2.14.2.jar;C:\Users\nouss\Downloads\json-20140107.jar;C:\Users\nouss\.m2\repository\org\kordamp\ikonli\ikonli-core\12.3.1\ikonli-core-12.3.1.jar;C:\Users\nouss\.m2\repository\eu\hansolo\fx\countries\21.0.3\countries-21.0.3.jar;C:\Users\nouss\.m2\repository\org\jetbrains\kotlin\kotlin-stdlib\1.8.10\kotlin-stdlib-1.8.10.jar;C:\Users\nouss\.m2\repository\com\gluonhq\attach\storage\4.0.17\storage-4.0.17.jar;C:\Users\nouss\Desktop\miniproject\UI-APP\target\classes;C:\Users\nouss\.m2\repository\eu\hansolo\toolboxfx\21.0.3\toolboxfx-21.0.3.jar;C:\Users\nouss\.m2\repository\org\openjfx\javafx-web\17.0.6\javafx-web-17.0.6-win.jar;C:\Users\nouss\.m2\repository\com\gluonhq\attach\util\4.0.17\util-4.0.17.jar;C:\Users\nouss\.m2\repository\org\kordamp\bootstrapfx\bootstrapfx-co-Djdk.module.main=com.mri.uiapp com.mri.uiapp/com.mri.uiapp.MainApplication

Host: 13th Gen Intel(R) Core(TM) i9-13900H, 20 cores, 15G,  Windows 11 , 64 bit Build 22621 (10.0.22621.4391)
Time: Sat Dec 28 23:54:38 2024 Morocco Daylight Time elapsed time: 8.725232 seconds (0d 0h 0m 8s)

---------------  T H R E A D  ---------------

Current thread (0x000001ceaa376360):  JavaThread "JavaFX Application Thread"        [_thread_in_vm, id=15684, stack(0x0000000103200000,0x0000000103300000) (1024K)]

Stack: [0x0000000103200000,0x0000000103300000],  sp=0x00000001032fd600,  free space=1013k
Native frames: (J=compiled Java code, j=interpreted, Vv=VM code, C=native code)
V  [jvm.dll+0x2e4114]  (no source info available)
V  [jvm.dll+0x2e3fd2]  (no source info available)
V  [jvm.dll+0x7f3e54]  (no source info available)
V  [jvm.dll+0x7f47e4]  (no source info available)
V  [jvm.dll+0x7f4468]  (no source info available)
V  [jvm.dll+0x2689cb]  (no source info available)
V  [jvm.dll+0x268bf6]  (no source info available)
V  [jvm.dll+0x5e1da1]  (no source info available)
V  [jvm.dll+0x5e43f4]  (no source info available)
V  [jvm.dll+0x3d573a]  (no source info available)
V  [jvm.dll+0x3d51c0]  (no source info available)
C  0x000001ce52cb7d11  (no source info available)

The last pc belongs to getstatic (printed below).
Java frames: (J=compiled Java code, j=interpreted, Vv=VM code)
j  javafx.scene.image.ImageView.<init>(Ljavafx/scene/image/Image;)V+45 javafx.graphics
j  javafx.scene.control.DialogPane$2.invalidated()V+111 javafx.controls
j  javafx.beans.property.StringPropertyBase.markInvalid()V+13 javafx.base
j  javafx.beans.property.StringPropertyBase.set(Ljava/lang/String;)V+89 javafx.base
j  javafx.css.StyleableStringProperty.set(Ljava/lang/String;)V+2 javafx.graphics
j  javafx.css.StyleableStringProperty.applyStyle(Ljavafx/css/StyleOrigin;Ljava/lang/String;)V+2 javafx.graphics
j  javafx.scene.control.DialogPane$2.applyStyle(Ljavafx/css/StyleOrigin;Ljava/lang/String;)V+31 javafx.controls
j  javafx.scene.control.DialogPane$2.applyStyle(Ljavafx/css/StyleOrigin;Ljava/lang/Object;)V+6 javafx.controls
j  javafx.scene.CssStyleHelper.transitionToState(Ljavafx/scene/Node;)V+712 javafx.graphics
j  javafx.scene.Node.doProcessCSS()V+51 javafx.graphics
j  javafx.scene.Node$1.doProcessCSS(Ljavafx/scene/Node;)V+1 javafx.graphics
j  com.sun.javafx.scene.NodeHelper.processCSSImpl(Ljavafx/scene/Node;)V+4 javafx.graphics
j  com.sun.javafx.scene.ParentHelper.superProcessCSSImpl(Ljavafx/scene/Node;)V+2 javafx.graphics
j  com.sun.javafx.scene.ParentHelper.superProcessCSS(Ljavafx/scene/Node;)V+8 javafx.graphics
j  javafx.scene.Parent.doProcessCSS()V+27 javafx.graphics
j  javafx.scene.Parent$1.doProcessCSS(Ljavafx/scene/Node;)V+4 javafx.graphics
j  com.sun.javafx.scene.ParentHelper.processCSSImpl(Ljavafx/scene/Node;)V+4 javafx.graphics
j  com.sun.javafx.scene.NodeHelper.processCSS(Ljavafx/scene/Node;)V+5 javafx.graphics
j  javafx.scene.Node.processCSS()V+99 javafx.graphics
j  javafx.scene.Scene.doCSSPass()V+23 javafx.graphics
j  javafx.scene.Scene.preferredSize()V+6 javafx.graphics
j  javafx.scene.Scene$2.preferredSize(Ljavafx/scene/Scene;)V+1 javafx.graphics
j  com.sun.javafx.scene.SceneHelper.preferredSize(Ljavafx/scene/Scene;)V+4 javafx.graphics
j  javafx.stage.Window$12.invalidated()V+384 javafx.graphics
j  javafx.beans.property.BooleanPropertyBase.markInvalid()V+13 javafx.base
j  javafx.beans.property.BooleanPropertyBase.set(Z)V+72 javafx.base
j  javafx.stage.Window.setShowing(Z)V+11 javafx.graphics
j  javafx.stage.Window.show()V+2 javafx.graphics
j  javafx.stage.Stage.show()V+1 javafx.graphics
j  javafx.stage.Stage.showAndWait()V+81 javafx.graphics
j  javafx.scene.control.HeavyweightDialog.showAndWait()V+22 javafx.controls
j  javafx.scene.control.Dialog.showAndWait()Ljava/util/Optional;+86 javafx.controls
j  com.mri.uiapp.LoginController.lambda$showAlert$4(Ljava/lang/String;Ljava/lang/String;)V+27 com.mri.uiapp
j  com.mri.uiapp.LoginController$$Lambda+0x000001ce65308808.run()V+8 com.mri.uiapp
j  com.sun.javafx.application.PlatformImpl.lambda$runLater$10(Ljava/lang/Runnable;)Ljava/lang/Void;+1 javafx.graphics
j  com.sun.javafx.application.PlatformImpl$$Lambda+0x000001ce65118a70.run()Ljava/lang/Object;+4 javafx.graphics
J 3070 c1 java.security.AccessController.doPrivileged(Ljava/security/PrivilegedAction;Ljava/security/AccessControlContext;)Ljava/lang/Object; java.base@23.0.1 (17 bytes) @ 0x000001ce4bc5f3ec [0x000001ce4bc5f200+0x00000000000001ec]
j  com.sun.javafx.application.PlatformImpl.lambda$runLater$11(Ljava/lang/Runnable;Ljava/security/AccessControlContext;)V+7 javafx.graphics
j  com.sun.javafx.application.PlatformImpl$$Lambda+0x000001ce651139f8.run()V+8 javafx.graphics
j  com.sun.glass.ui.InvokeLaterDispatcher$Future.run()V+4 javafx.graphics
v  ~StubRoutines::call_stub 0x000001ce52ca0fcd
j  com.sun.glass.ui.win.WinApplication._runLoop(Ljava/lang/Runnable;)V+0 javafx.graphics
j  com.sun.glass.ui.win.WinApplication.lambda$runLoop$3(ILjava/lang/Runnable;)V+8 javafx.graphics
j  com.sun.glass.ui.win.WinApplication$$Lambda+0x000001ce650de668.run()V+12 javafx.graphics
j  java.lang.Thread.runWith(Ljava/lang/Object;Ljava/lang/Runnable;)V+5 java.base@23.0.1
j  java.lang.Thread.run()V+19 java.base@23.0.1
v  ~StubRoutines::call_stub 0x000001ce52ca0fcd

siginfo: EXCEPTION_ACCESS_VIOLATION (0xc0000005), reading address 0x0000000000000000


Registers:
RAX=0x000001cead262310, RBX=0x000001cea91b4328, RCX=0x0000000000000000, RDX=0x000000001d0488db
RSP=0x00000001032fd600, RBP=0x000001cea9468570, RSI=0x0000000000000000, RDI=0x000001ceaa376360
R8 =0x000001cea9517bc8, R9 =0x000001ceaa62fcd8, R10=0x000001ce43133f90, R11=0x000001ce4bc13220
R12=0x0000000000340006, R13=0x000001ce638d8780, R14=0x0000000000000000, R15=0x000001ceaa376360
RIP=0x00007ffb4b344114, EFLAGS=0x0000000000010202


Register to memory mapping:

RAX=0x000001cead262310 points into unknown readable memory: 0x00007ffb48508d60 | 60 8d 50 48 fb 7f 00 00
RBX=0x000001cea91b4328 points into unknown readable memory: 0x616a001f88db0013 | 13 00 db 88 1f 00 6a 61
RCX=0x0 is null
RDX=0x000000001d0488db is an unknown value
RSP=0x00000001032fd600 is pointing into the stack for thread: 0x000001ceaa376360
RBP=0x000001cea9468570 points into unknown readable memory: 0x0000000000000000 | 00 00 00 00 00 00 00 00
RSI=0x0 is null
RDI=0x000001ceaa376360 is a thread
R8 =